2019-09-06 10:30:26.602 [main] INFO  com.cherish.ShellApplication - Starting ShellApplication on ZF-JS-PC with PID 7232 (E:\springboot-shell\target\classes started by ZF-JS in E:\springboot-shell)
2019-09-06 10:30:26.602 [main] INFO  com.cherish.ShellApplication - The following profiles are active: local
2019-09-06 10:30:26.711 [background-preinit] INFO  org.hibernate.validator.internal.util.Version - HV000001: Hibernate Validator 5.3.6.Final
2019-09-06 10:30:26.758 [main] INFO  o.s.b.c.e.AnnotationConfigEmbeddedWebApplicationContext - Refreshing org.springframework.boot.context.embedded.AnnotationConfigEmbeddedWebApplicationContext@397fbdb: startup date [Fri Sep 06 10:30:26 CST 2019]; root of context hierarchy
2019-09-06 10:30:27.399 [main] INFO  o.s.b.factory.support.DefaultListableBeanFactory - Overriding bean definition for bean 'managementServletContext' with a different definition: replacing [Root bean: class [null]; scope=; abstract=false; lazyInit=false; autowireMode=3; dependencyCheck=0; autowireCandidate=true; primary=false; factoryBeanName=org.springframework.boot.actuate.autoconfigure.EndpointWebMvcHypermediaManagementContextConfiguration; factoryMethodName=managementServletContext; initMethodName=null; destroyMethodName=(inferred); defined in class path resource [org/springframework/boot/actuate/autoconfigure/EndpointWebMvcHypermediaManagementContextConfiguration.class]] with [Root bean: class [null]; scope=; abstract=false; lazyInit=false; autowireMode=3; dependencyCheck=0; autowireCandidate=true; primary=false; factoryBeanName=org.springframework.boot.actuate.autoconfigure.EndpointWebMvcAutoConfiguration; factoryMethodName=managementServletContext; initMethodName=null; destroyMethodName=(inferred); defined in class path resource [org/springframework/boot/actuate/autoconfigure/EndpointWebMvcAutoConfiguration.class]]
2019-09-06 10:30:28.121 [main] INFO  o.s.b.c.e.tomcat.TomcatEmbeddedServletContainer - Tomcat initialized with port(s): 8095 (http)
2019-09-06 10:30:28.153 [main] INFO  org.apache.coyote.http11.Http11NioProtocol - Initializing ProtocolHandler ["http-nio-8095"]
2019-09-06 10:30:28.184 [main] INFO  org.apache.catalina.core.StandardService - Starting service [Tomcat]
2019-09-06 10:30:28.184 [main] INFO  org.apache.catalina.core.StandardEngine - Starting Servlet Engine: Apache Tomcat/8.5.43
2019-09-06 10:30:28.310 [localhost-startStop-1] INFO  o.a.c.core.ContainerBase.[Tomcat].[localhost].[/] - Initializing Spring embedded WebApplicationContext
2019-09-06 10:30:28.310 [localhost-startStop-1] INFO  org.springframework.web.context.ContextLoader - Root WebApplicationContext: initialization completed in 1552 ms
2019-09-06 10:30:28.497 [localhost-startStop-1] INFO  o.s.boot.web.servlet.ServletRegistrationBean - Mapping servlet: 'dispatcherServlet' to [/]
2019-09-06 10:30:28.497 [localhost-startStop-1] INFO  o.s.boot.web.servlet.FilterRegistrationBean - Mapping filter: 'metricsFilter' to: [/*]
2019-09-06 10:30:28.497 [localhost-startStop-1] INFO  o.s.boot.web.servlet.FilterRegistrationBean - Mapping filter: 'characterEncodingFilter' to: [/*]
2019-09-06 10:30:28.497 [localhost-startStop-1] INFO  o.s.boot.web.servlet.FilterRegistrationBean - Mapping filter: 'hiddenHttpMethodFilter' to: [/*]
2019-09-06 10:30:28.497 [localhost-startStop-1] INFO  o.s.boot.web.servlet.FilterRegistrationBean - Mapping filter: 'httpPutFormContentFilter' to: [/*]
2019-09-06 10:30:28.497 [localhost-startStop-1] INFO  o.s.boot.web.servlet.FilterRegistrationBean - Mapping filter: 'requestContextFilter' to: [/*]
2019-09-06 10:30:28.497 [localhost-startStop-1] INFO  o.s.boot.web.servlet.FilterRegistrationBean - Mapping filter: 'webRequestLoggingFilter' to: [/*]
2019-09-06 10:30:28.497 [localhost-startStop-1] INFO  o.s.boot.web.servlet.FilterRegistrationBean - Mapping filter: 'applicationContextIdFilter' to: [/*]
2019-09-06 10:30:28.871 [main] INFO  o.s.w.s.m.m.a.RequestMappingHandlerAdapter - Looking for @ControllerAdvice: org.springframework.boot.context.embedded.AnnotationConfigEmbeddedWebApplicationContext@397fbdb: startup date [Fri Sep 06 10:30:26 CST 2019]; root of context hierarchy
2019-09-06 10:30:28.871 [main] INFO  o.s.w.s.m.m.a.RequestMappingHandlerAdapter - Detected ResponseBodyAdvice bean in org.springframework.boot.actuate.autoconfigure.EndpointWebMvcHypermediaManagementContextConfiguration$ActuatorEndpointLinksAdvice
2019-09-06 10:30:28.918 [main] INFO  o.s.w.s.m.m.a.RequestMappingHandlerMapping - Mapped "{[/error]}" onto public org.springframework.http.ResponseEntity<java.util.Map<java.lang.String, java.lang.Object>> org.springframework.boot.autoconfigure.web.BasicErrorController.error(javax.servlet.http.HttpServletRequest)
2019-09-06 10:30:28.918 [main] INFO  o.s.w.s.m.m.a.RequestMappingHandlerMapping - Mapped "{[/error],produces=[text/html]}" onto public org.springframework.web.servlet.ModelAndView org.springframework.boot.autoconfigure.web.BasicErrorController.errorHtml(javax.servlet.http.HttpServletRequest,javax.servlet.http.HttpServletResponse)
2019-09-06 10:30:28.949 [main] INFO  o.s.web.servlet.handler.SimpleUrlHandlerMapping - Mapped URL path [/webjars/**] onto handler of type [class org.springframework.web.servlet.resource.ResourceHttpRequestHandler]
2019-09-06 10:30:28.949 [main] INFO  o.s.web.servlet.handler.SimpleUrlHandlerMapping - Mapped URL path [/**] onto handler of type [class org.springframework.web.servlet.resource.ResourceHttpRequestHandler]
2019-09-06 10:30:28.949 [main] INFO  o.s.w.s.m.m.a.ExceptionHandlerExceptionResolver - Detected ResponseBodyAdvice implementation in org.springframework.boot.actuate.autoconfigure.EndpointWebMvcHypermediaManagementContextConfiguration$ActuatorEndpointLinksAdvice
2019-09-06 10:30:28.965 [main] INFO  o.s.web.servlet.handler.SimpleUrlHandlerMapping - Mapped URL path [/**/favicon.ico] onto handler of type [class org.springframework.web.servlet.resource.ResourceHttpRequestHandler]
2019-09-06 10:30:29.012 [main] INFO  o.s.b.a.a.ShellProperties$SimpleAuthenticationProperties - 

Using default password for shell access: 97458b84-99b1-46e1-8cef-4554c8e3fed8


2019-09-06 10:30:29.027 [main] INFO  org.crsh.plugin.PluginManager - Loaded plugin Plugin[type=SSHPlugin,interface=SSHPlugin]
2019-09-06 10:30:29.027 [main] INFO  org.crsh.plugin.PluginManager - Loaded plugin Plugin[type=SSHInlinePlugin,interface=CommandPlugin]
2019-09-06 10:30:29.027 [main] INFO  org.crsh.plugin.PluginManager - Loaded plugin Plugin[type=KeyAuthenticationPlugin,interface=KeyAuthenticationPlugin]
2019-09-06 10:30:30.244 [main] INFO  org.crsh.plugin.PluginManager - Loaded plugin Plugin[type=CronPlugin,interface=CronPlugin]
2019-09-06 10:30:30.244 [main] INFO  org.crsh.plugin.PluginManager - Loaded plugin Plugin[type=MailPlugin,interface=MailPlugin]
2019-09-06 10:30:30.260 [main] INFO  org.crsh.plugin.PluginManager - Loaded plugin Plugin[type=CRaSHShellFactory,interface=ShellFactory]
2019-09-06 10:30:30.275 [main] INFO  org.crsh.plugin.PluginManager - Loaded plugin Plugin[type=GroovyLanguageProxy,interface=Language]
2019-09-06 10:30:30.275 [main] INFO  org.crsh.plugin.PluginManager - Loaded plugin Plugin[type=JavaLanguage,interface=Language]
2019-09-06 10:30:30.275 [main] INFO  org.crsh.plugin.PluginManager - Loaded plugin Plugin[type=ScriptLanguage,interface=Language]
2019-09-06 10:30:30.275 [main] INFO  org.crsh.plugin.PluginManager - Loaded plugin Plugin[type=JaasAuthenticationPlugin,interface=AuthenticationPlugin]
2019-09-06 10:30:30.275 [main] INFO  org.crsh.plugin.PluginManager - Loaded plugin Plugin[type=SimpleAuthenticationPlugin,interface=AuthenticationPlugin]
2019-09-06 10:30:30.275 [main] INFO  o.s.b.a.a.CrshAutoConfiguration$CrshBootstrapBean - Configuring property ssh.port=2000 from properties
2019-09-06 10:30:30.275 [main] INFO  o.s.b.a.a.CrshAutoConfiguration$CrshBootstrapBean - Configuring property ssh.auth_timeout=600000 from properties
2019-09-06 10:30:30.275 [main] INFO  o.s.b.a.a.CrshAutoConfiguration$CrshBootstrapBean - Configuring property ssh.idle_timeout=600000 from properties
2019-09-06 10:30:30.275 [main] INFO  o.s.b.a.a.CrshAutoConfiguration$CrshBootstrapBean - Configuring property ssh.default_encoding=UTF-8 from properties
2019-09-06 10:30:30.275 [main] INFO  o.s.b.a.a.CrshAutoConfiguration$CrshBootstrapBean - Configuring property auth=simple from properties
2019-09-06 10:30:30.275 [main] INFO  o.s.b.a.a.CrshAutoConfiguration$CrshBootstrapBean - Configuring property auth.simple.username=user from properties
2019-09-06 10:30:30.275 [main] INFO  o.s.b.a.a.CrshAutoConfiguration$CrshBootstrapBean - Configuring property auth.simple.password=97458b84-99b1-46e1-8cef-4554c8e3fed8 from properties
2019-09-06 10:30:30.291 [main] INFO  org.crsh.plugin.PluginManager - Initialized plugin Plugin[type=KeyAuthenticationPlugin,interface=KeyAuthenticationPlugin]
2019-09-06 10:30:30.291 [main] INFO  org.crsh.plugin.PluginManager - Initialized plugin Plugin[type=JaasAuthenticationPlugin,interface=AuthenticationPlugin]
2019-09-06 10:30:30.291 [main] INFO  org.crsh.plugin.PluginManager - Initialized plugin Plugin[type=SimpleAuthenticationPlugin,interface=AuthenticationPlugin]
2019-09-06 10:30:30.291 [main] INFO  org.crsh.ssh.SSHPlugin - Booting SSHD
2019-09-06 10:30:30.306 [main] INFO  org.crsh.plugin.PluginManager - Initialized plugin Plugin[type=GroovyLanguageProxy,interface=Language]
2019-09-06 10:30:30.306 [main] INFO  org.crsh.plugin.PluginManager - Initialized plugin Plugin[type=JavaLanguage,interface=Language]
2019-09-06 10:30:30.306 [main] INFO  org.crsh.plugin.PluginManager - Initialized plugin Plugin[type=ScriptLanguage,interface=Language]
2019-09-06 10:30:30.322 [main] INFO  org.crsh.plugin.PluginManager - Initialized plugin Plugin[type=CRaSHShellFactory,interface=ShellFactory]
2019-09-06 10:30:30.369 [main] INFO  org.apache.sshd.common.util.SecurityUtils - Trying to register BouncyCastle as a JCE provider
2019-09-06 10:30:31.523 [main] INFO  org.apache.sshd.common.util.SecurityUtils - Registration succeeded
2019-09-06 10:30:31.601 [main] INFO  org.crsh.ssh.term.SSHLifeCycle - About to start CRaSSHD
2019-09-06 10:30:31.617 [main] INFO  org.crsh.ssh.term.SSHLifeCycle - CRaSSHD started on port 2000
2019-09-06 10:30:31.617 [main] INFO  org.crsh.plugin.PluginManager - Initialized plugin Plugin[type=SSHPlugin,interface=SSHPlugin]
2019-09-06 10:30:31.617 [main] INFO  org.crsh.plugin.PluginManager - Initialized plugin Plugin[type=SSHInlinePlugin,interface=CommandPlugin]
2019-09-06 10:30:31.617 [main] INFO  org.crsh.plugin.PluginManager - Initialized plugin Plugin[type=CronPlugin,interface=CronPlugin]
2019-09-06 10:30:31.617 [main] INFO  org.crsh.plugin.PluginManager - Initialized plugin Plugin[type=MailPlugin,interface=MailPlugin]
2019-09-06 10:30:31.843 [main] INFO  o.s.b.actuate.endpoint.mvc.EndpointHandlerMapping - Mapped "{[/auditevents || /auditevents.json],methods=[GET],produces=[application/vnd.spring-boot.actuator.v1+json || application/json]}" onto public org.springframework.http.ResponseEntity<?> org.springframework.boot.actuate.endpoint.mvc.AuditEventsMvcEndpoint.findByPrincipalAndAfterAndType(java.lang.String,java.util.Date,java.lang.String)
2019-09-06 10:30:31.844 [main] INFO  o.s.b.actuate.endpoint.mvc.EndpointHandlerMapping - Mapped "{[/info || /info.json],methods=[GET],produces=[application/vnd.spring-boot.actuator.v1+json || application/json]}" onto public java.lang.Object org.springframework.boot.actuate.endpoint.mvc.EndpointMvcAdapter.invoke()
2019-09-06 10:30:31.845 [main] INFO  o.s.b.actuate.endpoint.mvc.EndpointHandlerMapping - Mapped "{[/env/{name:.*}],methods=[GET],produces=[application/vnd.spring-boot.actuator.v1+json || application/json]}" onto public java.lang.Object org.springframework.boot.actuate.endpoint.mvc.EnvironmentMvcEndpoint.value(java.lang.String)
2019-09-06 10:30:31.845 [main] INFO  o.s.b.actuate.endpoint.mvc.EndpointHandlerMapping - Mapped "{[/env || /env.json],methods=[GET],produces=[application/vnd.spring-boot.actuator.v1+json || application/json]}" onto public java.lang.Object org.springframework.boot.actuate.endpoint.mvc.EndpointMvcAdapter.invoke()
2019-09-06 10:30:31.845 [main] INFO  o.s.b.actuate.endpoint.mvc.EndpointHandlerMapping - Mapped "{[/mappings || /mappings.json],methods=[GET],produces=[application/vnd.spring-boot.actuator.v1+json || application/json]}" onto public java.lang.Object org.springframework.boot.actuate.endpoint.mvc.EndpointMvcAdapter.invoke()
2019-09-06 10:30:31.846 [main] INFO  o.s.b.actuate.endpoint.mvc.EndpointHandlerMapping - Mapped "{[/beans || /beans.json],methods=[GET],produces=[application/vnd.spring-boot.actuator.v1+json || application/json]}" onto public java.lang.Object org.springframework.boot.actuate.endpoint.mvc.EndpointMvcAdapter.invoke()
2019-09-06 10:30:31.848 [main] INFO  o.s.b.actuate.endpoint.mvc.EndpointHandlerMapping - Mapped "{[/loggers/{name:.*}],methods=[GET],produces=[application/vnd.spring-boot.actuator.v1+json || application/json]}" onto public java.lang.Object org.springframework.boot.actuate.endpoint.mvc.LoggersMvcEndpoint.get(java.lang.String)
2019-09-06 10:30:31.849 [main] INFO  o.s.b.actuate.endpoint.mvc.EndpointHandlerMapping - Mapped "{[/loggers/{name:.*}],methods=[POST],consumes=[application/vnd.spring-boot.actuator.v1+json || application/json],produces=[application/vnd.spring-boot.actuator.v1+json || application/json]}" onto public java.lang.Object org.springframework.boot.actuate.endpoint.mvc.LoggersMvcEndpoint.set(java.lang.String,java.util.Map<java.lang.String, java.lang.String>)
2019-09-06 10:30:31.849 [main] INFO  o.s.b.actuate.endpoint.mvc.EndpointHandlerMapping - Mapped "{[/loggers || /loggers.json],methods=[GET],produces=[application/vnd.spring-boot.actuator.v1+json || application/json]}" onto public java.lang.Object org.springframework.boot.actuate.endpoint.mvc.EndpointMvcAdapter.invoke()
2019-09-06 10:30:31.849 [main] INFO  o.s.b.actuate.endpoint.mvc.EndpointHandlerMapping - Mapped "{[/trace || /trace.json],methods=[GET],produces=[application/vnd.spring-boot.actuator.v1+json || application/json]}" onto public java.lang.Object org.springframework.boot.actuate.endpoint.mvc.EndpointMvcAdapter.invoke()
2019-09-06 10:30:31.850 [main] INFO  o.s.b.actuate.endpoint.mvc.EndpointHandlerMapping - Mapped "{[/dump || /dump.json],methods=[GET],produces=[application/vnd.spring-boot.actuator.v1+json || application/json]}" onto public java.lang.Object org.springframework.boot.actuate.endpoint.mvc.EndpointMvcAdapter.invoke()
2019-09-06 10:30:31.850 [main] INFO  o.s.b.actuate.endpoint.mvc.EndpointHandlerMapping - Mapped "{[/autoconfig || /autoconfig.json],methods=[GET],produces=[application/vnd.spring-boot.actuator.v1+json || application/json]}" onto public java.lang.Object org.springframework.boot.actuate.endpoint.mvc.EndpointMvcAdapter.invoke()
2019-09-06 10:30:31.851 [main] INFO  o.s.b.actuate.endpoint.mvc.EndpointHandlerMapping - Mapped "{[/configprops || /configprops.json],methods=[GET],produces=[application/vnd.spring-boot.actuator.v1+json || application/json]}" onto public java.lang.Object org.springframework.boot.actuate.endpoint.mvc.EndpointMvcAdapter.invoke()
2019-09-06 10:30:31.851 [main] INFO  o.s.b.actuate.endpoint.mvc.EndpointHandlerMapping - Mapped "{[/health || /health.json],methods=[GET],produces=[application/vnd.spring-boot.actuator.v1+json || application/json]}" onto public java.lang.Object org.springframework.boot.actuate.endpoint.mvc.HealthMvcEndpoint.invoke(javax.servlet.http.HttpServletRequest,java.security.Principal)
2019-09-06 10:30:31.852 [main] INFO  o.s.b.actuate.endpoint.mvc.EndpointHandlerMapping - Mapped "{[/metrics/{name:.*}],methods=[GET],produces=[application/vnd.spring-boot.actuator.v1+json || application/json]}" onto public java.lang.Object org.springframework.boot.actuate.endpoint.mvc.MetricsMvcEndpoint.value(java.lang.String)
2019-09-06 10:30:31.852 [main] INFO  o.s.b.actuate.endpoint.mvc.EndpointHandlerMapping - Mapped "{[/metrics || /metrics.json],methods=[GET],produces=[application/vnd.spring-boot.actuator.v1+json || application/json]}" onto public java.lang.Object org.springframework.boot.actuate.endpoint.mvc.EndpointMvcAdapter.invoke()
2019-09-06 10:30:31.852 [main] INFO  o.s.b.actuate.endpoint.mvc.EndpointHandlerMapping - Mapped "{[/actuator || /actuator.json],methods=[GET],produces=[application/vnd.spring-boot.actuator.v1+json || application/json]}" onto public org.springframework.hateoas.ResourceSupport org.springframework.boot.actuate.endpoint.mvc.HalJsonMvcEndpoint.links()
2019-09-06 10:30:31.853 [main] INFO  o.s.b.actuate.endpoint.mvc.EndpointHandlerMapping - Mapped "{[/heapdump || /heapdump.json],methods=[GET],produces=[application/octet-stream]}" onto public void org.springframework.boot.actuate.endpoint.mvc.HeapdumpMvcEndpoint.invoke(boolean,javax.servlet.http.HttpServletRequest,javax.servlet.http.HttpServletResponse) throws java.io.IOException,javax.servlet.ServletException
2019-09-06 10:30:31.976 [main] INFO  o.s.jmx.export.annotation.AnnotationMBeanExporter - Registering beans for JMX exposure on startup
2019-09-06 10:30:31.980 [main] INFO  o.s.b.actuate.endpoint.jmx.EndpointMBeanExporter - Registering beans for JMX exposure on startup
2019-09-06 10:30:31.983 [main] INFO  o.s.context.support.DefaultLifecycleProcessor - Starting beans in phase 0
2019-09-06 10:30:31.984 [main] INFO  o.s.b.actuate.endpoint.jmx.EndpointMBeanExporter - Located managed bean 'auditEventsEndpoint': registering with JMX server as MBean [org.springframework.boot:type=Endpoint,name=auditEventsEndpoint]
2019-09-06 10:30:31.998 [main] INFO  o.s.b.actuate.endpoint.jmx.EndpointMBeanExporter - Located managed bean 'requestMappingEndpoint': registering with JMX server as MBean [org.springframework.boot:type=Endpoint,name=requestMappingEndpoint]
2019-09-06 10:30:32.004 [main] INFO  o.s.b.actuate.endpoint.jmx.EndpointMBeanExporter - Located managed bean 'environmentEndpoint': registering with JMX server as MBean [org.springframework.boot:type=Endpoint,name=environmentEndpoint]
2019-09-06 10:30:32.007 [main] INFO  o.s.b.actuate.endpoint.jmx.EndpointMBeanExporter - Located managed bean 'healthEndpoint': registering with JMX server as MBean [org.springframework.boot:type=Endpoint,name=healthEndpoint]
2019-09-06 10:30:32.010 [main] INFO  o.s.b.actuate.endpoint.jmx.EndpointMBeanExporter - Located managed bean 'beansEndpoint': registering with JMX server as MBean [org.springframework.boot:type=Endpoint,name=beansEndpoint]
2019-09-06 10:30:32.012 [main] INFO  o.s.b.actuate.endpoint.jmx.EndpointMBeanExporter - Located managed bean 'infoEndpoint': registering with JMX server as MBean [org.springframework.boot:type=Endpoint,name=infoEndpoint]
2019-09-06 10:30:32.015 [main] INFO  o.s.b.actuate.endpoint.jmx.EndpointMBeanExporter - Located managed bean 'loggersEndpoint': registering with JMX server as MBean [org.springframework.boot:type=Endpoint,name=loggersEndpoint]
2019-09-06 10:30:32.019 [main] INFO  o.s.b.actuate.endpoint.jmx.EndpointMBeanExporter - Located managed bean 'metricsEndpoint': registering with JMX server as MBean [org.springframework.boot:type=Endpoint,name=metricsEndpoint]
2019-09-06 10:30:32.021 [main] INFO  o.s.b.actuate.endpoint.jmx.EndpointMBeanExporter - Located managed bean 'traceEndpoint': registering with JMX server as MBean [org.springframework.boot:type=Endpoint,name=traceEndpoint]
2019-09-06 10:30:32.023 [main] INFO  o.s.b.actuate.endpoint.jmx.EndpointMBeanExporter - Located managed bean 'dumpEndpoint': registering with JMX server as MBean [org.springframework.boot:type=Endpoint,name=dumpEndpoint]
2019-09-06 10:30:32.025 [main] INFO  o.s.b.actuate.endpoint.jmx.EndpointMBeanExporter - Located managed bean 'autoConfigurationReportEndpoint': registering with JMX server as MBean [org.springframework.boot:type=Endpoint,name=autoConfigurationReportEndpoint]
2019-09-06 10:30:32.027 [main] INFO  o.s.b.actuate.endpoint.jmx.EndpointMBeanExporter - Located managed bean 'configurationPropertiesReportEndpoint': registering with JMX server as MBean [org.springframework.boot:type=Endpoint,name=configurationPropertiesReportEndpoint]
2019-09-06 10:30:32.038 [main] INFO  org.apache.coyote.http11.Http11NioProtocol - Starting ProtocolHandler ["http-nio-8095"]
2019-09-06 10:30:32.047 [main] INFO  org.apache.tomcat.util.net.NioSelectorPool - Using a shared selector for servlet write/read
2019-09-06 10:30:32.059 [main] INFO  o.s.b.c.e.tomcat.TomcatEmbeddedServletContainer - Tomcat started on port(s): 8095 (http)
2019-09-06 10:30:32.064 [main] INFO  com.cherish.ShellApplication - Started ShellApplication in 5.898 seconds (JVM running for 7.17)
2019-09-06 10:50:51.540 [main] INFO  com.cherish.ShellApplication - Starting ShellApplication on ZF-JS-PC with PID 4412 (E:\springboot-shell\target\classes started by ZF-JS in E:\springboot-shell)
2019-09-06 10:50:51.540 [main] INFO  com.cherish.ShellApplication - The following profiles are active: local
2019-09-06 10:50:51.696 [background-preinit] INFO  org.hibernate.validator.internal.util.Version - HV000001: Hibernate Validator 5.3.6.Final
2019-09-06 10:50:51.742 [main] INFO  o.s.b.c.e.AnnotationConfigEmbeddedWebApplicationContext - Refreshing org.springframework.boot.context.embedded.AnnotationConfigEmbeddedWebApplicationContext@2b71e916: startup date [Fri Sep 06 10:50:51 CST 2019]; root of context hierarchy
2019-09-06 10:50:52.387 [main] INFO  o.s.b.factory.support.DefaultListableBeanFactory - Overriding bean definition for bean 'managementServletContext' with a different definition: replacing [Root bean: class [null]; scope=; abstract=false; lazyInit=false; autowireMode=3; dependencyCheck=0; autowireCandidate=true; primary=false; factoryBeanName=org.springframework.boot.actuate.autoconfigure.EndpointWebMvcHypermediaManagementContextConfiguration; factoryMethodName=managementServletContext; initMethodName=null; destroyMethodName=(inferred); defined in class path resource [org/springframework/boot/actuate/autoconfigure/EndpointWebMvcHypermediaManagementContextConfiguration.class]] with [Root bean: class [null]; scope=; abstract=false; lazyInit=false; autowireMode=3; dependencyCheck=0; autowireCandidate=true; primary=false; factoryBeanName=org.springframework.boot.actuate.autoconfigure.EndpointWebMvcAutoConfiguration; factoryMethodName=managementServletContext; initMethodName=null; destroyMethodName=(inferred); defined in class path resource [org/springframework/boot/actuate/autoconfigure/EndpointWebMvcAutoConfiguration.class]]
2019-09-06 10:50:52.965 [main] INFO  o.s.b.c.e.tomcat.TomcatEmbeddedServletContainer - Tomcat initialized with port(s): 8095 (http)
2019-09-06 10:50:52.981 [main] INFO  org.apache.coyote.http11.Http11NioProtocol - Initializing ProtocolHandler ["http-nio-8095"]
2019-09-06 10:50:52.981 [main] INFO  org.apache.catalina.core.StandardService - Starting service [Tomcat]
2019-09-06 10:50:52.981 [main] INFO  org.apache.catalina.core.StandardEngine - Starting Servlet Engine: Apache Tomcat/8.5.43
2019-09-06 10:50:53.107 [localhost-startStop-1] INFO  o.a.c.core.ContainerBase.[Tomcat].[localhost].[/] - Initializing Spring embedded WebApplicationContext
2019-09-06 10:50:53.107 [localhost-startStop-1] INFO  org.springframework.web.context.ContextLoader - Root WebApplicationContext: initialization completed in 1365 ms
2019-09-06 10:50:53.294 [localhost-startStop-1] INFO  o.s.boot.web.servlet.ServletRegistrationBean - Mapping servlet: 'dispatcherServlet' to [/]
2019-09-06 10:50:53.294 [localhost-startStop-1] INFO  o.s.boot.web.servlet.FilterRegistrationBean - Mapping filter: 'metricsFilter' to: [/*]
2019-09-06 10:50:53.294 [localhost-startStop-1] INFO  o.s.boot.web.servlet.FilterRegistrationBean - Mapping filter: 'characterEncodingFilter' to: [/*]
2019-09-06 10:50:53.294 [localhost-startStop-1] INFO  o.s.boot.web.servlet.FilterRegistrationBean - Mapping filter: 'hiddenHttpMethodFilter' to: [/*]
2019-09-06 10:50:53.294 [localhost-startStop-1] INFO  o.s.boot.web.servlet.FilterRegistrationBean - Mapping filter: 'httpPutFormContentFilter' to: [/*]
2019-09-06 10:50:53.294 [localhost-startStop-1] INFO  o.s.boot.web.servlet.FilterRegistrationBean - Mapping filter: 'requestContextFilter' to: [/*]
2019-09-06 10:50:53.294 [localhost-startStop-1] INFO  o.s.boot.web.servlet.FilterRegistrationBean - Mapping filter: 'webRequestLoggingFilter' to: [/*]
2019-09-06 10:50:53.294 [localhost-startStop-1] INFO  o.s.boot.web.servlet.FilterRegistrationBean - Mapping filter: 'applicationContextIdFilter' to: [/*]
2019-09-06 10:50:53.637 [main] INFO  o.s.w.s.m.m.a.RequestMappingHandlerAdapter - Looking for @ControllerAdvice: org.springframework.boot.context.embedded.AnnotationConfigEmbeddedWebApplicationContext@2b71e916: startup date [Fri Sep 06 10:50:51 CST 2019]; root of context hierarchy
2019-09-06 10:50:53.637 [main] INFO  o.s.w.s.m.m.a.RequestMappingHandlerAdapter - Detected ResponseBodyAdvice bean in org.springframework.boot.actuate.autoconfigure.EndpointWebMvcHypermediaManagementContextConfiguration$ActuatorEndpointLinksAdvice
2019-09-06 10:50:53.684 [main] INFO  o.s.w.s.m.m.a.RequestMappingHandlerMapping - Mapped "{[/error]}" onto public org.springframework.http.ResponseEntity<java.util.Map<java.lang.String, java.lang.Object>> org.springframework.boot.autoconfigure.web.BasicErrorController.error(javax.servlet.http.HttpServletRequest)
2019-09-06 10:50:53.684 [main] INFO  o.s.w.s.m.m.a.RequestMappingHandlerMapping - Mapped "{[/error],produces=[text/html]}" onto public org.springframework.web.servlet.ModelAndView org.springframework.boot.autoconfigure.web.BasicErrorController.errorHtml(javax.servlet.http.HttpServletRequest,javax.servlet.http.HttpServletResponse)
2019-09-06 10:50:53.699 [main] INFO  o.s.web.servlet.handler.SimpleUrlHandlerMapping - Mapped URL path [/webjars/**] onto handler of type [class org.springframework.web.servlet.resource.ResourceHttpRequestHandler]
2019-09-06 10:50:53.699 [main] INFO  o.s.web.servlet.handler.SimpleUrlHandlerMapping - Mapped URL path [/**] onto handler of type [class org.springframework.web.servlet.resource.ResourceHttpRequestHandler]
2019-09-06 10:50:53.715 [main] INFO  o.s.w.s.m.m.a.ExceptionHandlerExceptionResolver - Detected ResponseBodyAdvice implementation in org.springframework.boot.actuate.autoconfigure.EndpointWebMvcHypermediaManagementContextConfiguration$ActuatorEndpointLinksAdvice
2019-09-06 10:50:53.731 [main] INFO  o.s.web.servlet.handler.SimpleUrlHandlerMapping - Mapped URL path [/**/favicon.ico] onto handler of type [class org.springframework.web.servlet.resource.ResourceHttpRequestHandler]
2019-09-06 10:50:53.762 [main] INFO  o.s.b.a.a.ShellProperties$SimpleAuthenticationProperties - 

Using default password for shell access: 81228791-d122-4437-a22c-bdd4c109af44


2019-09-06 10:50:53.779 [main] INFO  org.crsh.plugin.PluginManager - Loaded plugin Plugin[type=SSHPlugin,interface=SSHPlugin]
2019-09-06 10:50:53.779 [main] INFO  org.crsh.plugin.PluginManager - Loaded plugin Plugin[type=SSHInlinePlugin,interface=CommandPlugin]
2019-09-06 10:50:53.779 [main] INFO  org.crsh.plugin.PluginManager - Loaded plugin Plugin[type=KeyAuthenticationPlugin,interface=KeyAuthenticationPlugin]
2019-09-06 10:50:54.965 [main] INFO  org.crsh.plugin.PluginManager - Loaded plugin Plugin[type=CronPlugin,interface=CronPlugin]
2019-09-06 10:50:54.965 [main] INFO  org.crsh.plugin.PluginManager - Loaded plugin Plugin[type=MailPlugin,interface=MailPlugin]
2019-09-06 10:50:54.981 [main] INFO  org.crsh.plugin.PluginManager - Loaded plugin Plugin[type=CRaSHShellFactory,interface=ShellFactory]
2019-09-06 10:50:54.981 [main] INFO  org.crsh.plugin.PluginManager - Loaded plugin Plugin[type=GroovyLanguageProxy,interface=Language]
2019-09-06 10:50:54.981 [main] INFO  org.crsh.plugin.PluginManager - Loaded plugin Plugin[type=JavaLanguage,interface=Language]
2019-09-06 10:50:54.981 [main] INFO  org.crsh.plugin.PluginManager - Loaded plugin Plugin[type=ScriptLanguage,interface=Language]
2019-09-06 10:50:54.981 [main] INFO  org.crsh.plugin.PluginManager - Loaded plugin Plugin[type=JaasAuthenticationPlugin,interface=AuthenticationPlugin]
2019-09-06 10:50:54.981 [main] INFO  org.crsh.plugin.PluginManager - Loaded plugin Plugin[type=SimpleAuthenticationPlugin,interface=AuthenticationPlugin]
2019-09-06 10:50:54.981 [main] INFO  o.s.b.a.a.CrshAutoConfiguration$CrshBootstrapBean - Configuring property ssh.port=2000 from properties
2019-09-06 10:50:54.981 [main] INFO  o.s.b.a.a.CrshAutoConfiguration$CrshBootstrapBean - Configuring property ssh.auth_timeout=600000 from properties
2019-09-06 10:50:54.981 [main] INFO  o.s.b.a.a.CrshAutoConfiguration$CrshBootstrapBean - Configuring property ssh.idle_timeout=600000 from properties
2019-09-06 10:50:54.981 [main] INFO  o.s.b.a.a.CrshAutoConfiguration$CrshBootstrapBean - Configuring property ssh.default_encoding=UTF-8 from properties
2019-09-06 10:50:54.981 [main] INFO  o.s.b.a.a.CrshAutoConfiguration$CrshBootstrapBean - Configuring property auth=simple from properties
2019-09-06 10:50:54.981 [main] INFO  o.s.b.a.a.CrshAutoConfiguration$CrshBootstrapBean - Configuring property auth.simple.username=user from properties
2019-09-06 10:50:54.981 [main] INFO  o.s.b.a.a.CrshAutoConfiguration$CrshBootstrapBean - Configuring property auth.simple.password=81228791-d122-4437-a22c-bdd4c109af44 from properties
2019-09-06 10:50:54.981 [main] INFO  org.crsh.plugin.PluginManager - Initialized plugin Plugin[type=KeyAuthenticationPlugin,interface=KeyAuthenticationPlugin]
2019-09-06 10:50:54.981 [main] INFO  org.crsh.plugin.PluginManager - Initialized plugin Plugin[type=JaasAuthenticationPlugin,interface=AuthenticationPlugin]
2019-09-06 10:50:54.981 [main] INFO  org.crsh.plugin.PluginManager - Initialized plugin Plugin[type=SimpleAuthenticationPlugin,interface=AuthenticationPlugin]
2019-09-06 10:50:54.996 [main] INFO  org.crsh.ssh.SSHPlugin - Booting SSHD
2019-09-06 10:50:54.996 [main] INFO  org.crsh.plugin.PluginManager - Initialized plugin Plugin[type=GroovyLanguageProxy,interface=Language]
2019-09-06 10:50:54.996 [main] INFO  org.crsh.plugin.PluginManager - Initialized plugin Plugin[type=JavaLanguage,interface=Language]
2019-09-06 10:50:54.996 [main] INFO  org.crsh.plugin.PluginManager - Initialized plugin Plugin[type=ScriptLanguage,interface=Language]
2019-09-06 10:50:54.996 [main] INFO  org.crsh.plugin.PluginManager - Initialized plugin Plugin[type=CRaSHShellFactory,interface=ShellFactory]
2019-09-06 10:50:55.043 [main] INFO  org.apache.sshd.common.util.SecurityUtils - Trying to register BouncyCastle as a JCE provider
2019-09-06 10:50:56.043 [main] INFO  org.apache.sshd.common.util.SecurityUtils - Registration succeeded
2019-09-06 10:50:56.092 [main] INFO  org.crsh.ssh.term.SSHLifeCycle - About to start CRaSSHD
2019-09-06 10:50:56.108 [main] INFO  org.crsh.ssh.term.SSHLifeCycle - CRaSSHD started on port 2000
2019-09-06 10:50:56.108 [main] INFO  org.crsh.plugin.PluginManager - Initialized plugin Plugin[type=SSHPlugin,interface=SSHPlugin]
2019-09-06 10:50:56.108 [main] INFO  org.crsh.plugin.PluginManager - Initialized plugin Plugin[type=SSHInlinePlugin,interface=CommandPlugin]
2019-09-06 10:50:56.108 [main] INFO  org.crsh.plugin.PluginManager - Initialized plugin Plugin[type=CronPlugin,interface=CronPlugin]
2019-09-06 10:50:56.108 [main] INFO  org.crsh.plugin.PluginManager - Initialized plugin Plugin[type=MailPlugin,interface=MailPlugin]
2019-09-06 10:50:56.304 [main] INFO  o.s.b.actuate.endpoint.mvc.EndpointHandlerMapping - Mapped "{[/heapdump || /heapdump.json],methods=[GET],produces=[application/octet-stream]}" onto public void org.springframework.boot.actuate.endpoint.mvc.HeapdumpMvcEndpoint.invoke(boolean,javax.servlet.http.HttpServletRequest,javax.servlet.http.HttpServletResponse) throws java.io.IOException,javax.servlet.ServletException
2019-09-06 10:50:56.305 [main] INFO  o.s.b.actuate.endpoint.mvc.EndpointHandlerMapping - Mapped "{[/mappings || /mappings.json],methods=[GET],produces=[application/vnd.spring-boot.actuator.v1+json || application/json]}" onto public java.lang.Object org.springframework.boot.actuate.endpoint.mvc.EndpointMvcAdapter.invoke()
2019-09-06 10:50:56.306 [main] INFO  o.s.b.actuate.endpoint.mvc.EndpointHandlerMapping - Mapped "{[/metrics/{name:.*}],methods=[GET],produces=[application/vnd.spring-boot.actuator.v1+json || application/json]}" onto public java.lang.Object org.springframework.boot.actuate.endpoint.mvc.MetricsMvcEndpoint.value(java.lang.String)
2019-09-06 10:50:56.306 [main] INFO  o.s.b.actuate.endpoint.mvc.EndpointHandlerMapping - Mapped "{[/metrics || /metrics.json],methods=[GET],produces=[application/vnd.spring-boot.actuator.v1+json || application/json]}" onto public java.lang.Object org.springframework.boot.actuate.endpoint.mvc.EndpointMvcAdapter.invoke()
2019-09-06 10:50:56.307 [main] INFO  o.s.b.actuate.endpoint.mvc.EndpointHandlerMapping - Mapped "{[/dump || /dump.json],methods=[GET],produces=[application/vnd.spring-boot.actuator.v1+json || application/json]}" onto public java.lang.Object org.springframework.boot.actuate.endpoint.mvc.EndpointMvcAdapter.invoke()
2019-09-06 10:50:56.308 [main] INFO  o.s.b.actuate.endpoint.mvc.EndpointHandlerMapping - Mapped "{[/env/{name:.*}],methods=[GET],produces=[application/vnd.spring-boot.actuator.v1+json || application/json]}" onto public java.lang.Object org.springframework.boot.actuate.endpoint.mvc.EnvironmentMvcEndpoint.value(java.lang.String)
2019-09-06 10:50:56.308 [main] INFO  o.s.b.actuate.endpoint.mvc.EndpointHandlerMapping - Mapped "{[/env || /env.json],methods=[GET],produces=[application/vnd.spring-boot.actuator.v1+json || application/json]}" onto public java.lang.Object org.springframework.boot.actuate.endpoint.mvc.EndpointMvcAdapter.invoke()
2019-09-06 10:50:56.309 [main] INFO  o.s.b.actuate.endpoint.mvc.EndpointHandlerMapping - Mapped "{[/auditevents || /auditevents.json],methods=[GET],produces=[application/vnd.spring-boot.actuator.v1+json || application/json]}" onto public org.springframework.http.ResponseEntity<?> org.springframework.boot.actuate.endpoint.mvc.AuditEventsMvcEndpoint.findByPrincipalAndAfterAndType(java.lang.String,java.util.Date,java.lang.String)
2019-09-06 10:50:56.312 [main] INFO  o.s.b.actuate.endpoint.mvc.EndpointHandlerMapping - Mapped "{[/loggers/{name:.*}],methods=[GET],produces=[application/vnd.spring-boot.actuator.v1+json || application/json]}" onto public java.lang.Object org.springframework.boot.actuate.endpoint.mvc.LoggersMvcEndpoint.get(java.lang.String)
2019-09-06 10:50:56.312 [main] INFO  o.s.b.actuate.endpoint.mvc.EndpointHandlerMapping - Mapped "{[/loggers/{name:.*}],methods=[POST],consumes=[application/vnd.spring-boot.actuator.v1+json || application/json],produces=[application/vnd.spring-boot.actuator.v1+json || application/json]}" onto public java.lang.Object org.springframework.boot.actuate.endpoint.mvc.LoggersMvcEndpoint.set(java.lang.String,java.util.Map<java.lang.String, java.lang.String>)
2019-09-06 10:50:56.312 [main] INFO  o.s.b.actuate.endpoint.mvc.EndpointHandlerMapping - Mapped "{[/loggers || /loggers.json],methods=[GET],produces=[application/vnd.spring-boot.actuator.v1+json || application/json]}" onto public java.lang.Object org.springframework.boot.actuate.endpoint.mvc.EndpointMvcAdapter.invoke()
2019-09-06 10:50:56.313 [main] INFO  o.s.b.actuate.endpoint.mvc.EndpointHandlerMapping - Mapped "{[/configprops || /configprops.json],methods=[GET],produces=[application/vnd.spring-boot.actuator.v1+json || application/json]}" onto public java.lang.Object org.springframework.boot.actuate.endpoint.mvc.EndpointMvcAdapter.invoke()
2019-09-06 10:50:56.313 [main] INFO  o.s.b.actuate.endpoint.mvc.EndpointHandlerMapping - Mapped "{[/health || /health.json],methods=[GET],produces=[application/vnd.spring-boot.actuator.v1+json || application/json]}" onto public java.lang.Object org.springframework.boot.actuate.endpoint.mvc.HealthMvcEndpoint.invoke(javax.servlet.http.HttpServletRequest,java.security.Principal)
2019-09-06 10:50:56.314 [main] INFO  o.s.b.actuate.endpoint.mvc.EndpointHandlerMapping - Mapped "{[/actuator || /actuator.json],methods=[GET],produces=[application/vnd.spring-boot.actuator.v1+json || application/json]}" onto public org.springframework.hateoas.ResourceSupport org.springframework.boot.actuate.endpoint.mvc.HalJsonMvcEndpoint.links()
2019-09-06 10:50:56.314 [main] INFO  o.s.b.actuate.endpoint.mvc.EndpointHandlerMapping - Mapped "{[/logfile || /logfile.json],methods=[GET || HEAD]}" onto public void org.springframework.boot.actuate.endpoint.mvc.LogFileMvcEndpoint.invoke(javax.servlet.http.HttpServletRequest,javax.servlet.http.HttpServletResponse) throws javax.servlet.ServletException,java.io.IOException
2019-09-06 10:50:56.315 [main] INFO  o.s.b.actuate.endpoint.mvc.EndpointHandlerMapping - Mapped "{[/trace || /trace.json],methods=[GET],produces=[application/vnd.spring-boot.actuator.v1+json || application/json]}" onto public java.lang.Object org.springframework.boot.actuate.endpoint.mvc.EndpointMvcAdapter.invoke()
2019-09-06 10:50:56.315 [main] INFO  o.s.b.actuate.endpoint.mvc.EndpointHandlerMapping - Mapped "{[/autoconfig || /autoconfig.json],methods=[GET],produces=[application/vnd.spring-boot.actuator.v1+json || application/json]}" onto public java.lang.Object org.springframework.boot.actuate.endpoint.mvc.EndpointMvcAdapter.invoke()
2019-09-06 10:50:56.316 [main] INFO  o.s.b.actuate.endpoint.mvc.EndpointHandlerMapping - Mapped "{[/beans || /beans.json],methods=[GET],produces=[application/vnd.spring-boot.actuator.v1+json || application/json]}" onto public java.lang.Object org.springframework.boot.actuate.endpoint.mvc.EndpointMvcAdapter.invoke()
2019-09-06 10:50:56.316 [main] INFO  o.s.b.actuate.endpoint.mvc.EndpointHandlerMapping - Mapped "{[/info || /info.json],methods=[GET],produces=[application/vnd.spring-boot.actuator.v1+json || application/json]}" onto public java.lang.Object org.springframework.boot.actuate.endpoint.mvc.EndpointMvcAdapter.invoke()
2019-09-06 10:50:56.406 [main] INFO  o.s.jmx.export.annotation.AnnotationMBeanExporter - Registering beans for JMX exposure on startup
2019-09-06 10:50:56.410 [main] INFO  o.s.b.actuate.endpoint.jmx.EndpointMBeanExporter - Registering beans for JMX exposure on startup
2019-09-06 10:50:56.413 [main] INFO  o.s.context.support.DefaultLifecycleProcessor - Starting beans in phase 0
2019-09-06 10:50:56.414 [main] INFO  o.s.b.actuate.endpoint.jmx.EndpointMBeanExporter - Located managed bean 'auditEventsEndpoint': registering with JMX server as MBean [org.springframework.boot:type=Endpoint,name=auditEventsEndpoint]
2019-09-06 10:50:56.426 [main] INFO  o.s.b.actuate.endpoint.jmx.EndpointMBeanExporter - Located managed bean 'requestMappingEndpoint': registering with JMX server as MBean [org.springframework.boot:type=Endpoint,name=requestMappingEndpoint]
2019-09-06 10:50:56.434 [main] INFO  o.s.b.actuate.endpoint.jmx.EndpointMBeanExporter - Located managed bean 'environmentEndpoint': registering with JMX server as MBean [org.springframework.boot:type=Endpoint,name=environmentEndpoint]
2019-09-06 10:50:56.438 [main] INFO  o.s.b.actuate.endpoint.jmx.EndpointMBeanExporter - Located managed bean 'healthEndpoint': registering with JMX server as MBean [org.springframework.boot:type=Endpoint,name=healthEndpoint]
2019-09-06 10:50:56.440 [main] INFO  o.s.b.actuate.endpoint.jmx.EndpointMBeanExporter - Located managed bean 'beansEndpoint': registering with JMX server as MBean [org.springframework.boot:type=Endpoint,name=beansEndpoint]
2019-09-06 10:50:56.442 [main] INFO  o.s.b.actuate.endpoint.jmx.EndpointMBeanExporter - Located managed bean 'infoEndpoint': registering with JMX server as MBean [org.springframework.boot:type=Endpoint,name=infoEndpoint]
2019-09-06 10:50:56.444 [main] INFO  o.s.b.actuate.endpoint.jmx.EndpointMBeanExporter - Located managed bean 'loggersEndpoint': registering with JMX server as MBean [org.springframework.boot:type=Endpoint,name=loggersEndpoint]
2019-09-06 10:50:56.448 [main] INFO  o.s.b.actuate.endpoint.jmx.EndpointMBeanExporter - Located managed bean 'metricsEndpoint': registering with JMX server as MBean [org.springframework.boot:type=Endpoint,name=metricsEndpoint]
2019-09-06 10:50:56.450 [main] INFO  o.s.b.actuate.endpoint.jmx.EndpointMBeanExporter - Located managed bean 'traceEndpoint': registering with JMX server as MBean [org.springframework.boot:type=Endpoint,name=traceEndpoint]
2019-09-06 10:50:56.452 [main] INFO  o.s.b.actuate.endpoint.jmx.EndpointMBeanExporter - Located managed bean 'dumpEndpoint': registering with JMX server as MBean [org.springframework.boot:type=Endpoint,name=dumpEndpoint]
2019-09-06 10:50:56.453 [main] INFO  o.s.b.actuate.endpoint.jmx.EndpointMBeanExporter - Located managed bean 'autoConfigurationReportEndpoint': registering with JMX server as MBean [org.springframework.boot:type=Endpoint,name=autoConfigurationReportEndpoint]
2019-09-06 10:50:56.455 [main] INFO  o.s.b.actuate.endpoint.jmx.EndpointMBeanExporter - Located managed bean 'configurationPropertiesReportEndpoint': registering with JMX server as MBean [org.springframework.boot:type=Endpoint,name=configurationPropertiesReportEndpoint]
2019-09-06 10:50:56.466 [main] INFO  org.apache.coyote.http11.Http11NioProtocol - Starting ProtocolHandler ["http-nio-8095"]
2019-09-06 10:50:56.474 [main] INFO  org.apache.tomcat.util.net.NioSelectorPool - Using a shared selector for servlet write/read
2019-09-06 10:50:56.486 [main] INFO  o.s.b.c.e.tomcat.TomcatEmbeddedServletContainer - Tomcat started on port(s): 8095 (http)
2019-09-06 10:50:56.490 [main] INFO  com.cherish.ShellApplication - Started ShellApplication in 5.329 seconds (JVM running for 6.659)
